<?xml version="1.0" encoding="UTF-8" ?>
<testsuite failures="0" time="101.031" errors="0" skipped="0" tests="0" name="TestSuite">
  <properties>
    <property name="java.runtime.name" value="Java(TM) SE Runtime Environment"/>
    <property name="sun.boot.library.path" value="C:\Program Files\Java\jre6\bin"/>
    <property name="java.vm.version" value="14.2-b01"/>
    <property name="java.vm.vendor" value="Sun Microsystems Inc."/>
    <property name="java.vendor.url" value="http://java.sun.com/"/>
    <property name="path.separator" value=";"/>
    <property name="java.vm.name" value="Java HotSpot(TM) Client VM"/>
    <property name="file.encoding.pkg" value="sun.io"/>
    <property name="user.country" value="HU"/>
    <property name="sun.java.launcher" value="SUN_STANDARD"/>
    <property name="sun.os.patch.level" value="Szervizcsomag 3"/>
    <property name="java.vm.specification.name" value="Java Virtual Machine Specification"/>
    <property name="user.dir" value="C:\eclipse4\workspace\kickassalternate"/>
    <property name="java.runtime.version" value="1.6.0_16-b01"/>
    <property name="java.awt.graphicsenv" value="sun.awt.Win32GraphicsEnvironment"/>
    <property name="basedir" value="C:\eclipse4\workspace\kickassalternate"/>
    <property name="java.endorsed.dirs" value="C:\Program Files\Java\jre6\lib\endorsed"/>
    <property name="os.arch" value="x86"/>
    <property name="surefire.real.class.path" value="C:\DOCUME~1\LIPTKG~1\LOCALS~1\Temp\surefirebooter2120933200330352455.jar"/>
    <property name="java.io.tmpdir" value="C:\DOCUME~1\LIPTKG~1\LOCALS~1\Temp\"/>
    <property name="line.separator" value="
"/>
    <property name="java.vm.specification.vendor" value="Sun Microsystems Inc."/>
    <property name="user.variant" value=""/>
    <property name="os.name" value="Windows XP"/>
    <property name="sun.jnu.encoding" value="Cp1250"/>
    <property name="java.library.path" value="C:\Program Files\Java\jre6\bin;.;C:\WINDOWS\Sun\Java\bin;C:\WINDOWS\system32;C:\WINDOWS;C:\Program Files\PC Connectivity Solution\;C:\WINDOWS\system32;C:\WINDOWS;C:\WINDOWS\System32\Wbem;C:\Program Files\TortoiseSVN\bin"/>
    <property name="surefire.test.class.path" value="C:\eclipse4\workspace\kickassalternate\target\test-classes;C:\eclipse4\workspace\kickassalternate\target\classes;C:\Documents and Settings\Lipták Gábor\.m2\repository\junit\junit\3.8.1\junit-3.8.1.jar;C:\Documents and Settings\Lipták Gábor\.m2\repository\org\tmatesoft\svnkit\svnkit\1.3.2-1\svnkit-1.3.2-1.jar;C:\Documents and Settings\Lipták Gábor\.m2\repository\net\java\dev\jna\jna\3.2.2\jna-3.2.2.jar;C:\Documents and Settings\Lipták Gábor\.m2\repository\org\tmatesoft\svnkit\trilead-ssh2\build213-svnkit-1.3-patch\trilead-ssh2-build213-svnkit-1.3-patch.jar;C:\Documents and Settings\Lipták Gábor\.m2\repository\org\tmatesoft\sqljet\sqljet\1.0.1\sqljet-1.0.1.jar;C:\Documents and Settings\Lipták Gábor\.m2\repository\org\antlr\antlr-runtime\3.1.3\antlr-runtime-3.1.3.jar;C:\Documents and Settings\Lipták Gábor\.m2\repository\org\antlr\stringtemplate\3.2\stringtemplate-3.2.jar;C:\Documents and Settings\Lipták Gábor\.m2\repository\antlr\antlr\2.7.6\antlr-2.7.6.jar;C:\Documents and Settings\Lipták Gábor\.m2\repository\checkstyle\checkstyle\5.0\checkstyle-5.0.jar;C:\Documents and Settings\Lipták Gábor\.m2\repository\commons-beanutils\commons-beanutils-core\1.7.0\commons-beanutils-core-1.7.0.jar;C:\Documents and Settings\Lipták Gábor\.m2\repository\commons-logging\commons-logging\1.0.3\commons-logging-1.0.3.jar;C:\Documents and Settings\Lipták Gábor\.m2\repository\commons-collections\commons-collections\2.0\commons-collections-2.0.jar;C:\Documents and Settings\Lipták Gábor\.m2\repository\commons-cli\commons-cli\1.0\commons-cli-1.0.jar;C:\Documents and Settings\Lipták Gábor\.m2\repository\commons-lang\commons-lang\1.0\commons-lang-1.0.jar;C:\Documents and Settings\Lipták Gábor\.m2\repository\com\google\collections\google-collections\0.9\google-collections-0.9.jar;C:\Documents and Settings\Lipták Gábor\.m2\repository\org\testng\testng\5.8\testng-5.8-jdk15.jar;"/>
    <property name="java.specification.name" value="Java Platform API Specification"/>
    <property name="java.class.version" value="50.0"/>
    <property name="sun.management.compiler" value="HotSpot Client Compiler"/>
    <property name="os.version" value="5.1"/>
    <property name="user.home" value="C:\Documents and Settings\Lipták Gábor"/>
    <property name="user.timezone" value="Europe/Prague"/>
    <property name="java.awt.printerjob" value="sun.awt.windows.WPrinterJob"/>
    <property name="java.specification.version" value="1.6"/>
    <property name="file.encoding" value="Cp1250"/>
    <property name="user.name" value="Lipt?k G?bor"/>
    <property name="java.class.path" value="C:\eclipse4\workspace\kickassalternate\target\test-classes;C:\eclipse4\workspace\kickassalternate\target\classes;C:\Documents and Settings\Lipták Gábor\.m2\repository\junit\junit\3.8.1\junit-3.8.1.jar;C:\Documents and Settings\Lipták Gábor\.m2\repository\org\tmatesoft\svnkit\svnkit\1.3.2-1\svnkit-1.3.2-1.jar;C:\Documents and Settings\Lipták Gábor\.m2\repository\net\java\dev\jna\jna\3.2.2\jna-3.2.2.jar;C:\Documents and Settings\Lipták Gábor\.m2\repository\org\tmatesoft\svnkit\trilead-ssh2\build213-svnkit-1.3-patch\trilead-ssh2-build213-svnkit-1.3-patch.jar;C:\Documents and Settings\Lipták Gábor\.m2\repository\org\tmatesoft\sqljet\sqljet\1.0.1\sqljet-1.0.1.jar;C:\Documents and Settings\Lipták Gábor\.m2\repository\org\antlr\antlr-runtime\3.1.3\antlr-runtime-3.1.3.jar;C:\Documents and Settings\Lipták Gábor\.m2\repository\org\antlr\stringtemplate\3.2\stringtemplate-3.2.jar;C:\Documents and Settings\Lipták Gábor\.m2\repository\antlr\antlr\2.7.6\antlr-2.7.6.jar;C:\Documents and Settings\Lipták Gábor\.m2\repository\checkstyle\checkstyle\5.0\checkstyle-5.0.jar;C:\Documents and Settings\Lipták Gábor\.m2\repository\commons-beanutils\commons-beanutils-core\1.7.0\commons-beanutils-core-1.7.0.jar;C:\Documents and Settings\Lipták Gábor\.m2\repository\commons-logging\commons-logging\1.0.3\commons-logging-1.0.3.jar;C:\Documents and Settings\Lipták Gábor\.m2\repository\commons-collections\commons-collections\2.0\commons-collections-2.0.jar;C:\Documents and Settings\Lipták Gábor\.m2\repository\commons-cli\commons-cli\1.0\commons-cli-1.0.jar;C:\Documents and Settings\Lipták Gábor\.m2\repository\commons-lang\commons-lang\1.0\commons-lang-1.0.jar;C:\Documents and Settings\Lipták Gábor\.m2\repository\com\google\collections\google-collections\0.9\google-collections-0.9.jar;C:\Documents and Settings\Lipták Gábor\.m2\repository\org\testng\testng\5.8\testng-5.8-jdk15.jar;"/>
    <property name="java.vm.specification.version" value="1.0"/>
    <property name="sun.arch.data.model" value="32"/>
    <property name="java.home" value="C:\Program Files\Java\jre6"/>
    <property name="java.specification.vendor" value="Sun Microsystems Inc."/>
    <property name="user.language" value="hu"/>
    <property name="awt.toolkit" value="sun.awt.windows.WToolkit"/>
    <property name="java.vm.info" value="mixed mode, sharing"/>
    <property name="java.version" value="1.6.0_16"/>
    <property name="java.ext.dirs" value="C:\Program Files\Java\jre6\lib\ext;C:\WINDOWS\Sun\Java\lib\ext"/>
    <property name="sun.boot.class.path" value="C:\Program Files\Java\jre6\lib\resources.jar;C:\Program Files\Java\jre6\lib\rt.jar;C:\Program Files\Java\jre6\lib\sunrsasign.jar;C:\Program Files\Java\jre6\lib\jsse.jar;C:\Program Files\Java\jre6\lib\jce.jar;C:\Program Files\Java\jre6\lib\charsets.jar;C:\Program Files\Java\jre6\classes"/>
    <property name="java.vendor" value="Sun Microsystems Inc."/>
    <property name="localRepository" value="C:\Documents and Settings\Lipták Gábor\.m2\repository"/>
    <property name="file.separator" value="\"/>
    <property name="java.vendor.url.bug" value="http://java.sun.com/cgi-bin/bugreport.cgi"/>
    <property name="sun.cpu.endian" value="little"/>
    <property name="sun.io.unicode.encoding" value="UnicodeLittle"/>
    <property name="sun.desktop" value="windows"/>
    <property name="sun.cpu.isalist" value="pentium_pro+mmx pentium_pro pentium+mmx pentium i486 i386 i86"/>
  </properties>
</testsuite>